  Display.cpp
Display.cpp(24): warning C4244: 'return': conversion from 'int' to 'float', possible loss of data
Display.cpp(25): warning C4244: 'return': conversion from 'int' to 'float', possible loss of data
  GameController.cpp
  main.cpp
  MainGame.cpp
MainGame.cpp(46): warning C4244: '=': conversion from 'Uint64' to 'float', possible loss of data
  Mesh.cpp
  Model.cpp
  obj_loader.cpp
obj_loader.cpp(378): warning C4244: 'return': conversion from 'double' to 'float', possible loss of data
  Scene.cpp
Scene.cpp(29): warning C4018: '>': signed/unsigned mismatch
  SceneManager.cpp
SceneManager.cpp(25): warning C4018: '>': signed/unsigned mismatch
SceneManager.cpp(41): warning C4018: '>': signed/unsigned mismatch
  Shader.cpp
  Texture.cpp
  Generating code
  8 of 1085 functions ( 0.7%) were compiled, the rest were copied from previous compilation.
    1 functions were new in current compilation
    30 functions had inline decision re-evaluated but remain unchanged
  Finished generating code
  Tre.vcxproj -> C:\Users\gabri\OneDrive\Documents\GitHub\Tre\Release\Tre.exe
