c:\users\gabri\onedrive\documents\github\tre\tre\debug\vc140.pdb
c:\users\gabri\onedrive\documents\github\tre\tre\debug\vc140.idb
c:\users\gabri\onedrive\documents\github\tre\tre\debug\display.obj
c:\users\gabri\onedrive\documents\github\tre\tre\debug\gamecontroller.obj
c:\users\gabri\onedrive\documents\github\tre\tre\debug\main.obj
c:\users\gabri\onedrive\documents\github\tre\tre\debug\maingame.obj
c:\users\gabri\onedrive\documents\github\tre\tre\debug\mesh.obj
c:\users\gabri\onedrive\documents\github\tre\tre\debug\model.obj
c:\users\gabri\onedrive\documents\github\tre\tre\debug\scene.obj
c:\users\gabri\onedrive\documents\github\tre\tre\debug\scenemanager.obj
c:\users\gabri\onedrive\documents\github\tre\tre\debug\shader.obj
c:\users\gabri\onedrive\documents\github\tre\tre\debug\texture.obj
c:\users\gabri\onedrive\documents\github\tre\debug\tre.ilk
c:\users\gabri\onedrive\documents\github\tre\debug\tre.exe
c:\users\gabri\onedrive\documents\github\tre\debug\tre.pdb
c:\users\gabri\onedrive\documents\github\tre\tre\debug\tre.tlog\cl.command.1.tlog
c:\users\gabri\onedrive\documents\github\tre\tre\debug\tre.tlog\cl.read.1.tlog
c:\users\gabri\onedrive\documents\github\tre\tre\debug\tre.tlog\cl.write.1.tlog
c:\users\gabri\onedrive\documents\github\tre\tre\debug\tre.tlog\link.command.1.tlog
c:\users\gabri\onedrive\documents\github\tre\tre\debug\tre.tlog\link.read.1.tlog
c:\users\gabri\onedrive\documents\github\tre\tre\debug\tre.tlog\link.write.1.tlog
